<?xml version="1.0" encoding="UTF-8"?>
<!-- Generated by org.testng.reporters.JUnitReportReporter -->
<testsuite hostname="DESKTOP-A111KJ9" failures="0" tests="1" name="com.testng.class01.SauceTestNGDemo" time="4.138" errors="0" timestamp="03 Nov 2021 18:01:42 GMT" skipped="0">
  <testcase classname="com.testng.class01.SauceTestNGDemo" name="verifyUserCanAbleToLogin" time="4.138"/>
</testsuite> <!-- com.testng.class01.SauceTestNGDemo -->
