<?xml version="1.0" encoding="UTF-8"?>
<!-- Generated by org.testng.reporters.JUnitReportReporter -->
<testsuite hostname="DESKTOP-A111KJ9" failures="0" tests="2" name="com.testng.class01.SauceLoginTest" time="4.816" errors="0" timestamp="07 Nov 2021 14:31:35 GMT" skipped="0">
  <testcase classname="com.testng.class01.SauceLoginTest" name="verifyUserCanAbleToLogin" time="2.120"/>
  <testcase classname="com.testng.class01.SauceLoginTest" name="verifyUserCannotDoLoginWithInvalidCred" time="2.696"/>
</testsuite> <!-- com.testng.class01.SauceLoginTest -->
